-- using variable selection strategy 'VSIDS'
-- using value selection strategy 'TightestValue'
 objective   failures   branches    nds/s    lvl   clauses  size   cpu         wall time
      sat           0         19   162393      0       441     2   0.000117    0
0111000
1001010
0001101
1100001
0010011
1010100
0100110

0001000
0001000
0100000
0010000
0010000
0100000
0001000
1000000
0000010
1000000
0000010
0000001
0000001
0000100
0000100
0000001
1000000
0100000
0010000
0000010
0000100

result = 1 #fails = 0
-- using variable selection strategy 'VSIDS'
-- using value selection strategy 'TightestValue'
 objective   failures   branches    nds/s    lvl   clauses  size   cpu         wall time
      sat           1         45   171755     44       883     2   0.000262    0
00100111011000
11001101000100
10011000111000
11100000010011
01000010101101
00011011000011
00110100100110

00000101000000
00000000011000
00100000010000
00000010001000
00000011000000
00100100000000
10001000000000
11000000000000
01000000000100
00001001000000
00000100000100
10000000010000
00000000101000
00011000000000
00010000100000
01000000000001
00000000000011
00100000000010
00000010000001
00000000100100
00010000000010

result = 1 #fails = 1
-- using variable selection strategy 'VSIDS'
-- using value selection strategy 'TightestValue'
 objective   failures   branches    nds/s    lvl   clauses  size   cpu         wall time
      sat           1         26   204724     25       451     2   0.000127    0
0101011010
1010001011
0111000101
1011110000
0000111101
1100100110

0000001010
0101000000
0001010000
0000011000
0100000010
0010000001
1010000000
0000001001
1000000010
0011000000
0000000101
0100000100
0000110000
1000100000
0000100100

result = 1 #fails = 1
